<?xml version="1.0" encoding="UTF-8"?>
<!-- Generated by org.testng.reporters.JUnitReportReporter -->
<testsuite hostname="Shiv-PC" failures="0" tests="3" name="runner.TestRunner" time="9.385" errors="0" timestamp="2024-01-31T16:44:10 IST" skipped="0">
  <testcase classname="runner.TestRunner" name="runScenario" time="1.455"/>
  <system-out/>
  <testcase classname="runner.TestRunner" name="runScenario" time="3.965"/>
  <system-out/>
  <testcase classname="runner.TestRunner" name="runScenario" time="3.965"/>
  <system-out/>
</testsuite> <!-- runner.TestRunner -->
