<?xml version="1.0" encoding="UTF-8"?>
<!-- Generated by org.testng.reporters.JUnitReportReporter -->
<testsuite hostname="Shiv-PC" failures="0" tests="4" name="runner.TestRunner" time="5.533" errors="0" timestamp="2023-12-27T20:26:16 IST" skipped="0">
  <testcase classname="runner.TestRunner" name="runScenario" time="0.632"/>
  <system-out/>
  <testcase classname="runner.TestRunner" name="runScenario" time="0.245"/>
  <system-out/>
  <testcase classname="runner.TestRunner" name="runScenario" time="4.259"/>
  <system-out/>
  <testcase classname="runner.TestRunner" name="runScenario" time="0.397"/>
  <system-out/>
</testsuite> <!-- runner.TestRunner -->
