<?xml version="1.0" encoding="UTF-8"?>
<!-- Generated by org.testng.reporters.JUnitReportReporter -->
<testsuite hostname="Shiv-PC" failures="0" tests="1" name="runner.TestRunner" time="1.617" errors="0" timestamp="2023-12-27T18:51:14 IST" skipped="0">
  <testcase classname="runner.TestRunner" name="runScenario" time="1.617"/>
  <system-out/>
</testsuite> <!-- runner.TestRunner -->
