<?xml version="1.0" encoding="UTF-8"?>
<!-- Generated by org.testng.reporters.JUnitReportReporter -->
<testsuite hostname="Shiv-PC" failures="0" tests="1" name="runner.TestRunner2" time="1.485" errors="0" timestamp="2023-12-28T11:22:14 IST" skipped="0">
  <testcase classname="runner.TestRunner2" name="runScenario" time="1.485"/>
  <system-out/>
</testsuite> <!-- runner.TestRunner2 -->
