<?xml version="1.0" encoding="UTF-8"?>
<!-- Generated by org.testng.reporters.JUnitReportReporter -->
<testsuite skipped="0" hostname="Shiv-PC" name="restAssured.practice.FirstApiTest" tests="1" failures="0" timestamp="2024-04-07T10:30:50 IST" time="0.758" errors="0">
  <testcase name="getSingleUser" time="0.758" classname="restAssured.practice.FirstApiTest"/>
</testsuite> <!-- restAssured.practice.FirstApiTest -->
