<?xml version="1.0" encoding="UTF-8"?>
<!-- Generated by org.testng.reporters.JUnitReportReporter -->
<testsuite skipped="0" hostname="Shiv-PC" name="selenium.practice.SwitchToWindow" tests="1" failures="0" timestamp="2024-04-07T16:44:25 IST" time="7.933" errors="0">
  <testcase name="SwitchWindow" time="7.933" classname="selenium.practice.SwitchToWindow"/>
</testsuite> <!-- selenium.practice.SwitchToWindow -->
