<?xml version="1.0" encoding="UTF-8"?>
<!-- Generated by org.testng.reporters.JUnitReportReporter -->
<testsuite hostname="Shiv-PC" failures="0" tests="3" name="runner.TestRunner" time="7.786" errors="0" timestamp="2024-03-31T19:34:29 IST" skipped="0">
  <testcase classname="runner.TestRunner" name="runScenario" time="3.746"/>
  <system-out/>
  <testcase classname="runner.TestRunner" name="runScenario" time="2.658"/>
  <system-out/>
  <testcase classname="runner.TestRunner" name="runScenario" time="1.382"/>
  <system-out/>
</testsuite> <!-- runner.TestRunner -->
