<?xml version="1.0" encoding="UTF-8"?>
<!-- Generated by org.testng.reporters.JUnitReportReporter -->
<testsuite skipped="0" hostname="Shiv-PC" name="selenium.practice.DragAndDrop" tests="1" failures="0" timestamp="2024-04-07T16:44:25 IST" time="5.988" errors="0">
  <testcase name="main" time="5.988" classname="selenium.practice.DragAndDrop"/>
</testsuite> <!-- selenium.practice.DragAndDrop -->
